[2018-04-18 14:03:48] Error text: Page not Found |
         file: C:\xampp\htdocs\webshop\public\index.php 
         | String: 8 
===============================
[2018-04-18 14:06:06] Error text: Page not Found | file: C:\xampp\htdocs\webshop\public\index.php | String: 8 
==========================================
[2018-04-18 14:06:32] Error text: Page not Found | file: C:\xampp\htdocs\webshop\public\index.php | String: 8 
==========================================
[2018-04-18 14:07:58] Error text: Page not Found | file: C:\xampp\htdocs\webshop\public\index.php | String: 8 
==========================================
[2018-04-18 14:10:03] Error text: Page not Found | file: C:\xampp\htdocs\webshop\public\index.php | String: 8 
==========================================
[2018-04-18 14:10:55] Error text: Page not Found | file: C:\xampp\htdocs\webshop\public\index.php | String: 8 
==========================================
[2018-04-18 14:11:48] Error text: Page not Found | file: C:\xampp\htdocs\webshop\public\index.php | String: 8 
==========================================
[2018-04-18 14:12:07] Error text: Page not Found | file: C:\xampp\htdocs\webshop\public\index.php | String: 8 
==========================================
[2018-04-18 14:12:25] Error text: Page not Found | file: C:\xampp\htdocs\webshop\public\index.php | String: 8 
==========================================
[2018-04-18 14:12:42] Error text: Page not Found | file: C:\xampp\htdocs\webshop\public\index.php | String: 8 
==========================================
[2018-04-18 20:23:19] Error text: Page not Found | file: /opt/lampp/htdocs/webshop/public/index.php | String: 8 
==========================================
[2018-04-18 20:23:19] Error text: Page not Found | file: /opt/lampp/htdocs/webshop/public/index.php | String: 8 
==========================================
[2018-04-18 20:39:44] Error text: Page not Found | file: /opt/lampp/htdocs/webshop/public/index.php | String: 8 
==========================================
[2018-04-18 20:39:45] Error text: Page not Found | file: /opt/lampp/htdocs/webshop/public/index.php | String: 8 
==========================================
[2018-04-18 20:39:58] Error text: Page not Found | file: /opt/lampp/htdocs/webshop/public/index.php | String: 8 
==========================================
[2018-04-18 20:39:58] Error text: Page not Found | file: /opt/lampp/htdocs/webshop/public/index.php | String: 8 
==========================================
[2018-04-18 20:40:03] Error text: Page not Found | file: /opt/lampp/htdocs/webshop/public/index.php | String: 8 
==========================================
[2018-04-18 20:42:18] Error text: Page not Found | file: /opt/lampp/htdocs/webshop/public/index.php | String: 8 
==========================================
[2018-04-18 20:42:22] Error text: Page not Found | file: /opt/lampp/htdocs/webshop/public/index.php | String: 8 
==========================================
[2018-04-18 20:42:23] Error text: Page not Found | file: /opt/lampp/htdocs/webshop/public/index.php | String: 8 
==========================================
[2018-04-18 20:42:24] Error text: Page not Found | file: /opt/lampp/htdocs/webshop/public/index.php | String: 8 
==========================================
[2018-04-18 20:42:24] Error text: Page not Found | file: /opt/lampp/htdocs/webshop/public/index.php | String: 8 
==========================================
[2018-04-18 20:42:24] Error text: Page not Found | file: /opt/lampp/htdocs/webshop/public/index.php | String: 8 
==========================================
[2018-04-18 20:43:08] Error text: Page not Found | file: /opt/lampp/htdocs/webshop/public/index.php | String: 8 
==========================================
[2018-04-18 20:46:19] Error text: Page not Found | file: /opt/lampp/htdocs/webshop/public/index.php | String: 8 
==========================================
[2018-04-19 14:35:12] Error text: Undefined class constant 'routes' | file: C:\xampp\htdocs\webshop\vendor\webshop\core\Router.php | String: 38 
==========================================
[2018-04-19 19:46:29] Error text:  | file: C:\xampp\htdocs\webshop\vendor\webshop\core\Router.php | String: 32 
==========================================
[2018-04-19 19:56:58] Error text: Page not found =( | file: C:\xampp\htdocs\webshop\vendor\webshop\core\Router.php | String: 32 
==========================================
[2018-04-19 19:59:10] Error text: Page not found =( | file: C:\xampp\htdocs\webshop\vendor\webshop\core\Router.php | String: 32 
==========================================
[2018-04-19 19:59:25] Error text: Page not found =( | file: C:\xampp\htdocs\webshop\vendor\webshop\core\Router.php | String: 32 
==========================================
[2018-04-19 20:08:10] Error text: Page not found =( | file: C:\xampp\htdocs\webshop\vendor\webshop\core\Router.php | String: 34 
==========================================
[2018-04-19 20:09:29] Error text: Call to undefined function webshop\srt_replace() | file: C:\xampp\htdocs\webshop\vendor\webshop\core\Router.php | String: 70 
==========================================
[2018-04-19 20:09:35] Error text: Call to undefined function webshop\srt_replace() | file: C:\xampp\htdocs\webshop\vendor\webshop\core\Router.php | String: 70 
==========================================
[2018-04-19 20:10:17] Error text: Call to undefined function webshop\srt_replace() | file: C:\xampp\htdocs\webshop\vendor\webshop\core\Router.php | String: 70 
==========================================
[2018-04-19 20:20:13] Error text: Class 'app\controllers\ControllerController' not found | file: C:\xampp\htdocs\webshop\vendor\webshop\core\Router.php | String: 33 
==========================================
[2018-04-19 20:20:35] Error text: Page not found =( | file: C:\xampp\htdocs\webshop\vendor\webshop\core\Router.php | String: 39 
==========================================
[2018-04-19 20:21:18] Error text: Page not found =( | file: C:\xampp\htdocs\webshop\vendor\webshop\core\Router.php | String: 39 
==========================================
[2018-04-19 20:21:22] Error text: Page not found =( | file: C:\xampp\htdocs\webshop\vendor\webshop\core\Router.php | String: 39 
==========================================
[2018-04-19 20:23:41] Error text: Controller app\controllers\PageController not found =( | file: C:\xampp\htdocs\webshop\vendor\webshop\core\Router.php | String: 41 
==========================================
[2018-04-19 20:24:06] Error text: Method indexAction in app\controllers\MainController Not found =( | file: C:\xampp\htdocs\webshop\vendor\webshop\core\Router.php | String: 38 
==========================================
